Build started 30-10-2014 13:44:45.
     1>Project "C:\Users\Dell\Documents\Visual Studio 2012\Projects\Ultimate Tic Tac Toe\Ultimate Tic Tac Toe\Ultimate Tic Tac Toe.vcxproj" on node 2 (Build target(s)).
     1>ClCompile:
         C:\Program Files (x86)\Microsoft Visual Studio 11.0\VC\bin\CL.exe /c /ZI /nologo /W3 /WX- /Od /Oy- /D WIN32 /D _DEBUG /D _WINDOWS /D _AFXDLL /Gm /EHsc /RTC1 /MDd /GS /fp:precise /Zc:wchar_t /Zc:forScope /Fo"Debug\\" /Fd"Debug\vc110.pdb" /Gd /TP /analyze- /errorReport:prompt App.cpp MainWin.cpp MyDialog.cpp
         App.cpp
         _WIN32_WINNT not defined. Defaulting to _WIN32_WINNT_MAXVER (see WinSDKVer.h)
         Generating Code...
         Skipping... (no relevant changes detected)
         MyDialog.cpp
         MainWin.cpp
       Link:
         C:\Program Files (x86)\Microsoft Visual Studio 11.0\VC\bin\link.exe /ERRORREPORT:PROMPT /OUT:"C:\Users\Dell\Documents\Visual Studio 2012\Projects\Ultimate Tic Tac Toe\Debug\Ultimate Tic Tac Toe.exe" /INCREMENTAL /NOLOGO /MANIFEST /MANIFESTUAC:"level='asInvoker' uiAccess='false'" /manifest:embed /manifestinput:"C:\Program Files (x86)\Microsoft Visual Studio 11.0\VC\Include\Manifest\dpiaware.manifest" /DEBUG /PDB:"C:\Users\Dell\Documents\Visual Studio 2012\Projects\Ultimate Tic Tac Toe\Debug\Ultimate Tic Tac Toe.pdb" /SUBSYSTEM:WINDOWS /TLBID:1 /DYNAMICBASE /NXCOMPAT /IMPLIB:"C:\Users\Dell\Documents\Visual Studio 2012\Projects\Ultimate Tic Tac Toe\Debug\Ultimate Tic Tac Toe.lib" /MACHINE:X86 "Debug\Ultimate Tic Tac Toe.res"
         Debug\App.obj
         Debug\MainWin.obj
         Debug\MyDialog.obj
         Debug\MyRecordSet.obj
         Debug\SampleDialog.obj
         Debug\SaveGame.obj
         Ultimate Tic Tac Toe.vcxproj -> C:\Users\Dell\Documents\Visual Studio 2012\Projects\Ultimate Tic Tac Toe\Debug\Ultimate Tic Tac Toe.exe
     1>Done Building Project "C:\Users\Dell\Documents\Visual Studio 2012\Projects\Ultimate Tic Tac Toe\Ultimate Tic Tac Toe\Ultimate Tic Tac Toe.vcxproj" (Build target(s)).

Build succeeded.

Time Elapsed 00:00:04.27
